Determining if the pthread_create exist failed with the following output:
Change Dir: /home/c3mx/robot/build/CMakeFiles/CMakeTmp

Run Build Command:"/usr/bin/make" "cmTryCompileExec3059301719/fast"
/usr/bin/make -f CMakeFiles/cmTryCompileExec3059301719.dir/build.make CMakeFiles/cmTryCompileExec3059301719.dir/build
make[1]: Entering directory '/home/c3mx/robot/build/CMakeFiles/CMakeTmp'
/usr/bin/cmake -E cmake_progress_report /home/c3mx/robot/build/CMakeFiles/CMakeTmp/CMakeFiles 1
Building C object CMakeFiles/cmTryCompileExec3059301719.dir/CheckSymbolExists.c.o
/usr/bin/cc    -o CMakeFiles/cmTryCompileExec3059301719.dir/CheckSymbolExists.c.o   -c /home/c3mx/robot/build/CMakeFiles/CMakeTmp/CheckSymbolExists.c
Linking C executable cmTryCompileExec3059301719
/usr/bin/cmake -E cmake_link_script CMakeFiles/cmTryCompileExec3059301719.dir/link.txt --verbose=1
/usr/bin/cc       CMakeFiles/cmTryCompileExec3059301719.dir/CheckSymbolExists.c.o  -o cmTryCompileExec3059301719 -rdynamic 
CMakeFiles/cmTryCompileExec3059301719.dir/CheckSymbolExists.c.o: In function `main':
CheckSymbolExists.c:(.text+0x16): undefined reference to `pthread_create'
collect2: error: ld returned 1 exit status
CMakeFiles/cmTryCompileExec3059301719.dir/build.make:88: recipe for target 'cmTryCompileExec3059301719' failed
make[1]: *** [cmTryCompileExec3059301719] Error 1
make[1]: Leaving directory '/home/c3mx/robot/build/CMakeFiles/CMakeTmp'
Makefile:118: recipe for target 'cmTryCompileExec3059301719/fast' failed
make: *** [cmTryCompileExec3059301719/fast] Error 2

File /home/c3mx/robot/build/CMakeFiles/CMakeTmp/CheckSymbolExists.c:
/* */
#include <pthread.h>

int main(int argc, char** argv)
{
  (void)argv;
#ifndef pthread_create
  return ((int*)(&pthread_create))[argc];
#else
  (void)argc;
  return 0;
#endif
}

Determining if the function pthread_create exists in the pthreads failed with the following output:
Change Dir: /home/c3mx/robot/build/CMakeFiles/CMakeTmp

Run Build Command:"/usr/bin/make" "cmTryCompileExec3460012076/fast"
/usr/bin/make -f CMakeFiles/cmTryCompileExec3460012076.dir/build.make CMakeFiles/cmTryCompileExec3460012076.dir/build
make[1]: Entering directory '/home/c3mx/robot/build/CMakeFiles/CMakeTmp'
/usr/bin/cmake -E cmake_progress_report /home/c3mx/robot/build/CMakeFiles/CMakeTmp/CMakeFiles 1
Building C object CMakeFiles/cmTryCompileExec3460012076.dir/CheckFunctionExists.c.o
/usr/bin/cc   -DCHECK_FUNCTION_EXISTS=pthread_create   -o CMakeFiles/cmTryCompileExec3460012076.dir/CheckFunctionExists.c.o   -c /usr/share/cmake-3.0/Modules/CheckFunctionExists.c
Linking C executable cmTryCompileExec3460012076
/usr/bin/cmake -E cmake_link_script CMakeFiles/cmTryCompileExec3460012076.dir/link.txt --verbose=1
/usr/bin/cc   -DCHECK_FUNCTION_EXISTS=pthread_create    CMakeFiles/cmTryCompileExec3460012076.dir/CheckFunctionExists.c.o  -o cmTryCompileExec3460012076 -rdynamic -lpthreads 
/usr/bin/ld: cannot find -lpthreads
collect2: error: ld returned 1 exit status
CMakeFiles/cmTryCompileExec3460012076.dir/build.make:88: recipe for target 'cmTryCompileExec3460012076' failed
make[1]: Leaving directory '/home/c3mx/robot/build/CMakeFiles/CMakeTmp'
make[1]: *** [cmTryCompileExec3460012076] Error 1
Makefile:118: recipe for target 'cmTryCompileExec3460012076/fast' failed
make: *** [cmTryCompileExec3460012076/fast] Error 2


